<?xml version="1.0" encoding="UTF-8"?>
<testng-results skipped="0" failed="0" total="2" passed="2">
  <reporter-output>
  </reporter-output>
  <suite name="Default suite" duration-ms="6625" started-at="2019-08-22T06:47:40Z" finished-at="2019-08-22T06:47:47Z">
    <groups>
    </groups>
    <test name="Default test" duration-ms="6625" started-at="2019-08-22T06:47:40Z" finished-at="2019-08-22T06:47:47Z">
      <class name="HelloWorld.Topic_02_CheckEnviroment">
        <test-method status="PASS" signature="beforeClass()[pri:0, instance:HelloWorld.Topic_02_CheckEnviroment@c39f790]" name="beforeClass" is-config="true" duration-ms="5322" started-at="2019-08-22T13:47:40Z" finished-at="2019-08-22T13:47:45Z">
          <reporter-output>
          </reporter-output>
        </test-method> <!-- beforeClass -->
        <test-method status="PASS" signature="TC_01_Check_HomePage()[pri:0, instance:HelloWorld.Topic_02_CheckEnviroment@c39f790]" name="TC_01_Check_HomePage" duration-ms="920" started-at="2019-08-22T13:47:45Z" finished-at="2019-08-22T13:47:46Z">
          <reporter-output>
          </reporter-output>
        </test-method> <!-- TC_01_Check_HomePage -->
        <test-method status="PASS" signature="TC_02_Check_Homepage_Title()[pri:0, instance:HelloWorld.Topic_02_CheckEnviroment@c39f790]" name="TC_02_Check_Homepage_Title" duration-ms="10" started-at="2019-08-22T13:47:46Z" finished-at="2019-08-22T13:47:46Z">
          <reporter-output>
          </reporter-output>
        </test-method> <!-- TC_02_Check_Homepage_Title -->
        <test-method status="PASS" signature="afterClass()[pri:0, instance:HelloWorld.Topic_02_CheckEnviroment@c39f790]" name="afterClass" is-config="true" duration-ms="364" started-at="2019-08-22T13:47:46Z" finished-at="2019-08-22T13:47:47Z">
          <reporter-output>
          </reporter-output>
        </test-method> <!-- afterClass -->
      </class> <!-- HelloWorld.Topic_02_CheckEnviroment -->
    </test> <!-- Default test -->
  </suite> <!-- Default suite -->
</testng-results>
