<?xml version="1.0" encoding="UTF-8"?>
<testng-results skipped="0" failed="0" total="3" passed="3">
  <reporter-output>
  </reporter-output>
  <suite name="Default suite" duration-ms="7108" started-at="2019-08-15T01:21:49Z" finished-at="2019-08-15T01:21:56Z">
    <groups>
    </groups>
    <test name="Default test" duration-ms="7108" started-at="2019-08-15T01:21:49Z" finished-at="2019-08-15T01:21:56Z">
      <class name="selenium.facebooklogin">
        <test-method status="PASS" signature="beforeClass()[pri:0, instance:selenium.facebooklogin@c39f790]" name="beforeClass" is-config="true" duration-ms="6679" started-at="2019-08-15T08:21:49Z" finished-at="2019-08-15T08:21:55Z">
          <reporter-output>
          </reporter-output>
        </test-method> <!-- beforeClass -->
        <test-method status="PASS" signature="TC_01_ValidateCurrentUrl()[pri:0, instance:selenium.facebooklogin@c39f790]" name="TC_01_ValidateCurrentUrl" duration-ms="11" started-at="2019-08-15T08:21:55Z" finished-at="2019-08-15T08:21:55Z">
          <reporter-output>
          </reporter-output>
        </test-method> <!-- TC_01_ValidateCurrentUrl -->
        <test-method status="PASS" signature="TC_02_ValidatePageTitle()[pri:0, instance:selenium.facebooklogin@c39f790]" name="TC_02_ValidatePageTitle" duration-ms="6" started-at="2019-08-15T08:21:55Z" finished-at="2019-08-15T08:21:55Z">
          <reporter-output>
          </reporter-output>
        </test-method> <!-- TC_02_ValidatePageTitle -->
        <test-method status="PASS" signature="TC_03_LoginFormDisplayed()[pri:0, instance:selenium.facebooklogin@c39f790]" name="TC_03_LoginFormDisplayed" duration-ms="46" started-at="2019-08-15T08:21:55Z" finished-at="2019-08-15T08:21:55Z">
          <reporter-output>
          </reporter-output>
        </test-method> <!-- TC_03_LoginFormDisplayed -->
        <test-method status="PASS" signature="afterClass()[pri:0, instance:selenium.facebooklogin@c39f790]" name="afterClass" is-config="true" duration-ms="358" started-at="2019-08-15T08:21:55Z" finished-at="2019-08-15T08:21:56Z">
          <reporter-output>
          </reporter-output>
        </test-method> <!-- afterClass -->
      </class> <!-- selenium.facebooklogin -->
    </test> <!-- Default test -->
  </suite> <!-- Default suite -->
</testng-results>
